[2019-07-19 12:57:45.283] [exthost] [info] extension host started
[2019-07-19 12:57:45.430] [exthost] [info] ExtensionService#_doActivateExtension vscode.debug-auto-launch {"startup":true,"activationEvent":"*"}
[2019-07-19 12:57:45.431] [exthost] [info] ExtensionService#loadCommonJSModule /snap/code/11/usr/share/code/resources/app/extensions/debug-auto-launch/dist/extension
[2019-07-19 12:57:45.442] [exthost] [info] ExtensionService#_doActivateExtension vscode.emmet {"startup":true,"activationEvent":"*"}
[2019-07-19 12:57:45.442] [exthost] [info] ExtensionService#loadCommonJSModule /snap/code/11/usr/share/code/resources/app/extensions/emmet/dist/extension
[2019-07-19 12:57:45.526] [exthost] [info] ExtensionService#_doActivateExtension vscode.git {"startup":true,"activationEvent":"*"}
[2019-07-19 12:57:45.526] [exthost] [info] ExtensionService#loadCommonJSModule /snap/code/11/usr/share/code/resources/app/extensions/git/dist/main
[2019-07-19 12:57:46.001] [exthost] [info] ExtensionService#_doActivateExtension vscode.merge-conflict {"startup":true,"activationEvent":"*"}
[2019-07-19 12:57:46.002] [exthost] [info] ExtensionService#loadCommonJSModule /snap/code/11/usr/share/code/resources/app/extensions/merge-conflict/dist/extension
[2019-07-19 12:57:46.028] [exthost] [info] ExtensionService#_doActivateExtension CoenraadS.bracket-pair-colorizer {"startup":true,"activationEvent":"*"}
[2019-07-19 12:57:46.028] [exthost] [info] ExtensionService#loadCommonJSModule /home/carlomigueldy/.vscode/extensions/coenraads.bracket-pair-colorizer-1.0.61/out/src/extension
[2019-07-19 12:57:46.166] [exthost] [info] ExtensionService#_doActivateExtension Equinusocio.vsc-material-theme {"startup":true,"activationEvent":"*"}
[2019-07-19 12:57:46.166] [exthost] [info] ExtensionService#loadCommonJSModule /home/carlomigueldy/.vscode/extensions/equinusocio.vsc-material-theme-29.2.0/out/src/material.theme.config
[2019-07-19 12:57:46.215] [exthost] [info] ExtensionService#_doActivateExtension peakchen90.vue-beautify {"startup":true,"activationEvent":"*"}
[2019-07-19 12:57:46.215] [exthost] [info] ExtensionService#loadCommonJSModule /home/carlomigueldy/.vscode/extensions/peakchen90.vue-beautify-2.0.4/extension
[2019-07-19 12:57:46.309] [exthost] [info] ExtensionService#_doActivateExtension PKief.material-icon-theme {"startup":true,"activationEvent":"*"}
[2019-07-19 12:57:46.309] [exthost] [info] ExtensionService#loadCommonJSModule /home/carlomigueldy/.vscode/extensions/pkief.material-icon-theme-3.8.1/dist/extension
[2019-07-19 12:57:46.399] [exthost] [info] eager extensions activated
[2019-07-19 12:57:57.830] [exthost] [info] ExtensionService#_doActivateExtension vscode.configuration-editing {"startup":false,"activationEvent":"onLanguage:jsonc"}
[2019-07-19 12:57:57.830] [exthost] [info] ExtensionService#loadCommonJSModule /snap/code/11/usr/share/code/resources/app/extensions/configuration-editing/dist/extension
[2019-07-19 12:57:57.858] [exthost] [info] ExtensionService#_doActivateExtension vscode.json-language-features {"startup":false,"activationEvent":"onLanguage:jsonc"}
[2019-07-19 12:57:57.858] [exthost] [info] ExtensionService#loadCommonJSModule /snap/code/11/usr/share/code/resources/app/extensions/json-language-features/client/dist/jsonMain
[2019-07-19 12:57:58.145] [exthost] [info] ExtensionService#_doActivateExtension vscode.typescript-language-features {"startup":false,"activationEvent":"onLanguage:jsonc"}
[2019-07-19 12:57:58.147] [exthost] [info] ExtensionService#loadCommonJSModule /snap/code/11/usr/share/code/resources/app/extensions/typescript-language-features/dist/extension
[2019-07-19 12:59:05.023] [exthost] [info] ExtensionService#_doActivateExtension onecentlin.laravel-blade {"startup":false,"activationEvent":"onLanguage:blade"}
[2019-07-19 12:59:05.023] [exthost] [info] ExtensionService#loadCommonJSModule /home/carlomigueldy/.vscode/extensions/onecentlin.laravel-blade-1.20.0/out/src/extension
[2019-07-19 12:59:38.541] [exthost] [info] ExtensionService#_doActivateExtension vscode.php-language-features {"startup":false,"activationEvent":"onLanguage:php"}
[2019-07-19 12:59:38.541] [exthost] [info] ExtensionService#loadCommonJSModule /snap/code/11/usr/share/code/resources/app/extensions/php-language-features/dist/phpMain
